<?xml version="1.0" encoding="UTF-8"?>
<!-- Generated by org.testng.reporters.JUnitXMLReporter -->
<testsuite ignored="0" hostname="Nishikantk2000" failures="0" tests="5" name="Test" time="246.412" errors="0" timestamp="2024-08-12T09:31:37 IST">
  <testcase classname="secoundways.Searchtest" name="addProductToCart" time="29.151"/>
  <testcase classname="secoundways.Searchtest" name="removeProductFromCart" time="33.519"/>
  <testcase classname="secoundways.Searchtest" name="searchExistingProduct" time="19.659"/>
  <testcase classname="secoundways.Searchtest" name="searchNonExistingProduct" time="11.161"/>
  <testcase classname="secoundways.Searchtest" name="updateQuantityInCart" time="21.138"/>
</testsuite> <!-- Test -->
